2021-11-09 18:00:59,222 INFO [main] h.j.p.m.Main [Main.java:26] Example log from Main
2021-11-09 18:05:10,912 INFO [main] h.j.p.m.Main [Main.java:26] Example log from Main
2021-11-09 18:05:15,380 ERROR [main] h.j.p.m.Main [Main.java:56] Wrong input!
java.util.InputMismatchException: null
	at java.base/java.util.Scanner.throwFor(Scanner.java:939)
	at java.base/java.util.Scanner.next(Scanner.java:1594)
	at java.base/java.util.Scanner.nextInt(Scanner.java:2258)
	at java.base/java.util.Scanner.nextInt(Scanner.java:2212)
	at hr.java.production.main.Main.main(Main.java:51)
2021-11-09 19:37:22,877 INFO [main] h.j.p.m.Main [Main.java:29] Example log from Main
2021-11-12 17:51:35,887 INFO [main] h.j.p.m.Main [Main.java:27] Example log from Main
2021-11-12 18:00:13,452 INFO [main] h.j.p.m.Main [Main.java:27] Example log from Main
2021-11-12 19:21:35,737 INFO [main] h.j.p.m.Main [Main.java:27] Example log from Main
2021-11-12 19:26:15,117 INFO [main] h.j.p.m.Main [Main.java:27] Example log from Main
2021-11-12 19:29:38,400 INFO [main] h.j.p.m.Main [Main.java:27] Example log from Main
2021-11-12 19:32:59,586 INFO [main] h.j.p.m.Main [Main.java:27] Example log from Main
2021-11-12 19:35:50,793 INFO [main] h.j.p.m.Main [Main.java:27] Example log from Main
2021-11-12 19:36:56,553 INFO [main] h.j.p.m.Main [Main.java:27] Example log from Main
2021-11-12 19:38:49,478 INFO [main] h.j.p.m.Main [Main.java:27] Example log from Main
2021-11-12 19:40:16,467 INFO [main] h.j.p.m.Main [Main.java:27] Example log from Main
2021-11-12 19:41:08,165 INFO [main] h.j.p.m.Main [Main.java:27] Example log from Main
2021-11-14 14:16:43,019 INFO [main] h.j.p.m.Main [Main.java:27] Example log from Main
2021-11-14 14:17:07,445 INFO [main] h.j.p.m.Main [Main.java:27] Example log from Main
2021-11-14 14:18:08,594 INFO [main] h.j.p.m.Main [Main.java:27] Example log from Main
2021-11-14 14:18:27,270 INFO [main] h.j.p.m.Main [Main.java:27] Example log from Main
2021-11-14 17:14:02,783 INFO [main] h.j.p.m.Main [Main.java:28] Example log from Main
2021-11-14 17:14:36,544 INFO [main] h.j.p.m.Main [Main.java:28] Example log from Main
2021-11-14 17:16:15,573 INFO [main] h.j.p.m.Main [Main.java:28] Example log from Main
2021-11-14 17:16:59,000 INFO [main] h.j.p.m.Main [Main.java:28] Example log from Main
2021-11-14 17:36:29,392 INFO [main] h.j.p.m.Main [Main.java:28] Example log from Main
2021-11-16 15:40:03,731 INFO [main] h.j.p.m.Main [Main.java:28] Example log from Main
2021-11-16 15:41:06,542 INFO [main] h.j.p.m.Main [Main.java:28] Example log from Main
2021-11-16 15:59:50,090 INFO [main] h.j.p.m.Main [Main.java:28] Example log from Main
2021-11-16 16:08:46,084 INFO [main] h.j.p.m.Main [Main.java:28] Example log from Main
2021-11-16 16:53:24,748 INFO [main] h.j.p.m.Main [Main.java:29] Example log from Main
2021-11-16 17:00:52,391 INFO [main] h.j.p.m.Main [Main.java:29] Example log from Main
2021-11-16 17:02:20,100 INFO [main] h.j.p.m.Main [Main.java:29] Example log from Main
2021-11-16 17:10:36,619 INFO [main] h.j.p.m.Main [Main.java:29] Example log from Main
2021-11-16 17:15:26,555 INFO [main] h.j.p.m.Main [Main.java:29] Example log from Main
2021-11-16 17:19:06,468 INFO [main] h.j.p.m.Main [Main.java:29] Example log from Main
2021-11-16 17:21:57,723 INFO [main] h.j.p.m.Main [Main.java:29] Example log from Main
2021-11-16 17:22:35,690 INFO [main] h.j.p.m.Main [Main.java:29] Example log from Main
2021-11-21 17:06:31,211 INFO [main] h.j.p.m.Main [Main.java:32] Example log from Main
2021-11-21 17:07:33,883 INFO [main] h.j.p.m.Main [Main.java:32] Example log from Main
2021-11-21 17:15:00,080 INFO [main] h.j.p.m.Main [Main.java:32] Example log from Main
2021-11-21 17:15:11,668 INFO [main] h.j.p.m.Main [Main.java:32] Example log from Main
2021-11-21 19:04:33,194 INFO [main] h.j.p.m.Main [Main.java:32] Example log from Main
2021-11-21 19:05:53,140 INFO [main] h.j.p.m.Main [Main.java:32] Example log from Main
2021-11-21 19:10:39,345 INFO [main] h.j.p.m.Main [Main.java:32] Example log from Main
2021-11-21 19:13:08,501 INFO [main] h.j.p.m.Main [Main.java:32] Example log from Main
2021-11-21 20:24:53,076 INFO [main] h.j.p.m.Main [Main.java:32] Example log from Main
2021-11-22 22:00:41,735 INFO [main] h.j.p.m.Main [Main.java:33] Example log from Main
2021-11-22 22:05:56,389 INFO [main] h.j.p.m.Main [Main.java:33] Example log from Main
2021-11-23 17:47:27,660 INFO [main] h.j.p.m.Main [Main.java:33] Example log from Main
2021-11-23 17:47:32,052 ERROR [main] h.j.p.m.Main [Main.java:1181] Same category name was initialized twice!
hr.java.production.exception.SameNameCategory: Isto ime uneseno , pokušajte ponovo!
	at hr.java.production.main.Main.provjera_imena(Main.java:1150)
	at hr.java.production.main.Main.insertNewCategory(Main.java:1178)
	at hr.java.production.main.Main.main(Main.java:53)
2021-11-23 17:48:35,277 INFO [main] h.j.p.m.Main [Main.java:33] Example log from Main
2021-11-23 17:49:23,764 INFO [main] h.j.p.m.Main [Main.java:33] Example log from Main
2021-11-23 17:58:32,348 INFO [main] h.j.p.m.Main [Main.java:33] Example log from Main
2021-11-23 18:10:23,683 INFO [main] h.j.p.m.Main [Main.java:33] Example log from Main
2021-11-23 18:21:38,729 INFO [main] h.j.p.m.Main [Main.java:33] Example log from Main
2021-11-23 19:03:08,407 INFO [main] h.j.p.m.Main [Main.java:33] Example log from Main
2021-11-24 01:00:33,452 INFO [main] h.j.p.m.Main [Main.java:33] Example log from Main
2021-12-08 23:40:27,365 INFO [main] h.j.p.m.Main [Main.java:40] Example log from Main
2021-12-09 13:50:40,700 INFO [main] h.j.p.m.Main [Main.java:40] Example log from Main
2021-12-09 13:54:47,793 INFO [main] h.j.p.m.Main [Main.java:40] Example log from Main
2021-12-09 13:55:05,964 INFO [main] h.j.p.m.Main [Main.java:40] Example log from Main
2021-12-09 13:58:23,418 INFO [main] h.j.p.m.Main [Main.java:40] Example log from Main
2021-12-09 14:03:41,355 INFO [main] h.j.p.m.Main [Main.java:40] Example log from Main
2021-12-09 14:06:45,261 INFO [main] h.j.p.m.Main [Main.java:40] Example log from Main
2021-12-09 14:07:22,080 INFO [main] h.j.p.m.Main [Main.java:40] Example log from Main
2021-12-09 14:07:38,357 INFO [main] h.j.p.m.Main [Main.java:40] Example log from Main
2021-12-09 14:09:42,110 INFO [main] h.j.p.m.Main [Main.java:40] Example log from Main
2021-12-09 14:10:06,131 INFO [main] h.j.p.m.Main [Main.java:40] Example log from Main
2021-12-09 14:10:33,096 INFO [main] h.j.p.m.Main [Main.java:40] Example log from Main
2021-12-09 14:11:07,421 INFO [main] h.j.p.m.Main [Main.java:40] Example log from Main
2021-12-09 14:26:31,877 INFO [main] h.j.p.m.Main [Main.java:40] Example log from Main
2021-12-09 14:49:37,357 INFO [main] h.j.p.m.Main [Main.java:41] Example log from Main
2021-12-09 14:50:22,940 INFO [main] h.j.p.m.Main [Main.java:41] Example log from Main
2021-12-09 14:50:45,614 INFO [main] h.j.p.m.Main [Main.java:41] Example log from Main
2021-12-09 14:58:41,727 INFO [main] h.j.p.m.Main [Main.java:41] Example log from Main
2021-12-09 14:58:52,148 INFO [main] h.j.p.m.Main [Main.java:41] Example log from Main
2021-12-09 15:24:13,991 INFO [main] h.j.p.m.Main [Main.java:41] Example log from Main
2021-12-09 15:24:27,841 INFO [main] h.j.p.m.Main [Main.java:41] Example log from Main
2021-12-09 15:25:03,727 INFO [main] h.j.p.m.Main [Main.java:41] Example log from Main
2021-12-09 15:25:32,518 INFO [main] h.j.p.m.Main [Main.java:41] Example log from Main
2021-12-09 16:03:17,109 INFO [main] h.j.p.m.Main [Main.java:41] Example log from Main
2021-12-09 16:06:42,086 INFO [main] h.j.p.m.Main [Main.java:41] Example log from Main
2021-12-09 16:09:02,115 INFO [main] h.j.p.m.Main [Main.java:41] Example log from Main
2021-12-09 16:10:17,790 INFO [main] h.j.p.m.Main [Main.java:41] Example log from Main
2021-12-09 16:10:38,439 INFO [main] h.j.p.m.Main [Main.java:41] Example log from Main
2021-12-09 16:14:06,750 INFO [main] h.j.p.m.Main [Main.java:41] Example log from Main
2021-12-09 16:14:16,450 INFO [main] h.j.p.m.Main [Main.java:41] Example log from Main
2021-12-09 16:19:59,428 INFO [main] h.j.p.m.Main [Main.java:41] Example log from Main
2021-12-09 16:20:49,229 INFO [main] h.j.p.m.Main [Main.java:41] Example log from Main
2021-12-09 16:21:07,735 INFO [main] h.j.p.m.Main [Main.java:41] Example log from Main
2021-12-09 16:21:52,500 INFO [main] h.j.p.m.Main [Main.java:41] Example log from Main
2021-12-09 16:22:20,964 INFO [main] h.j.p.m.Main [Main.java:41] Example log from Main
2021-12-09 16:22:42,934 INFO [main] h.j.p.m.Main [Main.java:41] Example log from Main
2021-12-09 16:23:13,054 INFO [main] h.j.p.m.Main [Main.java:41] Example log from Main
2021-12-09 16:23:46,222 INFO [main] h.j.p.m.Main [Main.java:41] Example log from Main
2021-12-09 16:24:24,098 INFO [main] h.j.p.m.Main [Main.java:41] Example log from Main
2021-12-09 16:32:09,626 INFO [main] h.j.p.m.Main [Main.java:41] Example log from Main
2021-12-09 16:32:39,028 INFO [main] h.j.p.m.Main [Main.java:41] Example log from Main
2021-12-09 17:48:22,143 INFO [main] h.j.p.m.Main [Main.java:46] Example log from Main
2021-12-09 17:48:49,284 INFO [main] h.j.p.m.Main [Main.java:46] Example log from Main
2021-12-09 17:49:54,384 INFO [main] h.j.p.m.Main [Main.java:46] Example log from Main
2021-12-09 18:13:40,050 INFO [main] h.j.p.m.Main [Main.java:49] Example log from Main
2021-12-09 18:14:01,943 INFO [main] h.j.p.m.Main [Main.java:49] Example log from Main
2021-12-09 18:15:16,095 INFO [main] h.j.p.m.Main [Main.java:49] Example log from Main
2021-12-09 18:15:53,390 INFO [main] h.j.p.m.Main [Main.java:49] Example log from Main
2021-12-09 18:16:39,820 INFO [main] h.j.p.m.Main [Main.java:49] Example log from Main
2021-12-09 18:17:58,013 INFO [main] h.j.p.m.Main [Main.java:49] Example log from Main
2021-12-09 18:18:44,816 INFO [main] h.j.p.m.Main [Main.java:49] Example log from Main
2021-12-09 18:20:20,661 INFO [main] h.j.p.m.Main [Main.java:49] Example log from Main
2021-12-09 18:22:07,590 INFO [main] h.j.p.m.Main [Main.java:49] Example log from Main
2021-12-09 18:22:19,421 INFO [main] h.j.p.m.Main [Main.java:49] Example log from Main
2021-12-09 18:39:53,167 INFO [main] h.j.p.m.Main [Main.java:47] Example log from Main
2021-12-09 18:40:43,487 INFO [main] h.j.p.m.Main [Main.java:47] Example log from Main
2021-12-10 17:00:37,809 INFO [main] h.j.p.m.Main [Main.java:45] Example log from Main
2021-12-10 17:04:02,268 INFO [main] h.j.p.m.Main [Main.java:45] Example log from Main
2021-12-10 17:04:44,340 INFO [main] h.j.p.m.Main [Main.java:45] Example log from Main
2021-12-10 17:05:28,535 INFO [main] h.j.p.m.Main [Main.java:45] Example log from Main
2021-12-10 17:05:49,607 INFO [main] h.j.p.m.Main [Main.java:45] Example log from Main
2021-12-10 17:06:07,001 INFO [main] h.j.p.m.Main [Main.java:45] Example log from Main
2021-12-10 17:08:36,774 INFO [main] h.j.p.m.Main [Main.java:45] Example log from Main
2021-12-10 17:16:09,700 INFO [main] h.j.p.m.Main [Main.java:45] Example log from Main
2021-12-10 17:17:09,651 INFO [main] h.j.p.m.Main [Main.java:45] Example log from Main
2021-12-10 17:17:36,012 INFO [main] h.j.p.m.Main [Main.java:45] Example log from Main
2021-12-10 17:17:58,837 INFO [main] h.j.p.m.Main [Main.java:45] Example log from Main
2021-12-10 17:18:19,134 INFO [main] h.j.p.m.Main [Main.java:45] Example log from Main
2021-12-10 17:19:20,252 INFO [main] h.j.p.m.Main [Main.java:45] Example log from Main
2021-12-10 17:20:21,888 INFO [main] h.j.p.m.Main [Main.java:45] Example log from Main
2021-12-10 17:22:06,113 INFO [main] h.j.p.m.Main [Main.java:45] Example log from Main
2021-12-10 17:22:45,027 INFO [main] h.j.p.m.Main [Main.java:45] Example log from Main
2021-12-10 17:23:08,658 INFO [main] h.j.p.m.Main [Main.java:45] Example log from Main
2021-12-10 17:25:18,916 INFO [main] h.j.p.m.Main [Main.java:45] Example log from Main
2021-12-10 17:26:32,567 INFO [main] h.j.p.m.Main [Main.java:45] Example log from Main
2021-12-10 17:26:55,474 INFO [main] h.j.p.m.Main [Main.java:45] Example log from Main
2021-12-10 17:27:23,404 INFO [main] h.j.p.m.Main [Main.java:45] Example log from Main
2021-12-10 17:27:38,353 INFO [main] h.j.p.m.Main [Main.java:45] Example log from Main
2021-12-10 17:28:05,859 INFO [main] h.j.p.m.Main [Main.java:45] Example log from Main
2021-12-10 17:28:15,715 INFO [main] h.j.p.m.Main [Main.java:45] Example log from Main
2021-12-10 17:29:41,173 INFO [main] h.j.p.m.Main [Main.java:45] Example log from Main
2021-12-10 17:30:18,597 INFO [main] h.j.p.m.Main [Main.java:45] Example log from Main
2021-12-10 17:31:18,837 INFO [main] h.j.p.m.Main [Main.java:45] Example log from Main
2021-12-10 17:31:48,661 INFO [main] h.j.p.m.Main [Main.java:45] Example log from Main
2021-12-10 17:32:19,273 INFO [main] h.j.p.m.Main [Main.java:45] Example log from Main
2021-12-10 17:33:42,094 INFO [main] h.j.p.m.Main [Main.java:45] Example log from Main
2021-12-10 17:35:56,196 INFO [main] h.j.p.m.Main [Main.java:45] Example log from Main
2021-12-10 17:36:47,888 INFO [main] h.j.p.m.Main [Main.java:45] Example log from Main
2021-12-10 17:37:10,527 INFO [main] h.j.p.m.Main [Main.java:45] Example log from Main
2021-12-10 17:39:35,103 INFO [main] h.j.p.m.Main [Main.java:45] Example log from Main
2021-12-10 17:39:55,357 INFO [main] h.j.p.m.Main [Main.java:45] Example log from Main
2021-12-10 17:41:04,980 INFO [main] h.j.p.m.Main [Main.java:45] Example log from Main
2021-12-10 17:41:58,079 INFO [main] h.j.p.m.Main [Main.java:45] Example log from Main
2021-12-10 17:43:21,508 INFO [main] h.j.p.m.Main [Main.java:45] Example log from Main
2021-12-10 17:43:55,530 INFO [main] h.j.p.m.Main [Main.java:45] Example log from Main
2021-12-10 17:44:05,733 INFO [main] h.j.p.m.Main [Main.java:45] Example log from Main
2021-12-10 17:44:58,467 INFO [main] h.j.p.m.Main [Main.java:45] Example log from Main
2021-12-10 17:45:23,695 INFO [main] h.j.p.m.Main [Main.java:45] Example log from Main
2021-12-10 17:46:22,911 INFO [main] h.j.p.m.Main [Main.java:45] Example log from Main
2021-12-10 17:46:46,286 INFO [main] h.j.p.m.Main [Main.java:45] Example log from Main
2021-12-10 17:47:17,654 INFO [main] h.j.p.m.Main [Main.java:45] Example log from Main
2021-12-10 17:48:05,447 INFO [main] h.j.p.m.Main [Main.java:45] Example log from Main
2021-12-10 17:48:51,080 INFO [main] h.j.p.m.Main [Main.java:45] Example log from Main
2021-12-10 17:49:59,042 INFO [main] h.j.p.m.Main [Main.java:45] Example log from Main
2021-12-10 17:50:15,201 INFO [main] h.j.p.m.Main [Main.java:45] Example log from Main
2021-12-10 17:51:35,262 INFO [main] h.j.p.m.Main [Main.java:45] Example log from Main
2021-12-10 17:51:53,819 INFO [main] h.j.p.m.Main [Main.java:45] Example log from Main
2021-12-10 17:52:12,352 INFO [main] h.j.p.m.Main [Main.java:45] Example log from Main
2021-12-10 17:58:16,223 INFO [main] h.j.p.m.Main [Main.java:46] Example log from Main
2021-12-10 17:59:08,506 INFO [main] h.j.p.m.Main [Main.java:46] Example log from Main
2021-12-10 17:59:28,639 INFO [main] h.j.p.m.Main [Main.java:46] Example log from Main
2021-12-10 18:00:10,604 INFO [main] h.j.p.m.Main [Main.java:46] Example log from Main
2021-12-10 18:00:51,101 INFO [main] h.j.p.m.Main [Main.java:46] Example log from Main
2021-12-10 18:01:30,387 INFO [main] h.j.p.m.Main [Main.java:46] Example log from Main
2021-12-10 18:03:23,756 INFO [main] h.j.p.m.Main [Main.java:46] Example log from Main
2021-12-10 18:04:18,478 INFO [main] h.j.p.m.Main [Main.java:46] Example log from Main
2021-12-10 18:05:00,343 INFO [main] h.j.p.m.Main [Main.java:46] Example log from Main
2021-12-10 18:05:20,411 INFO [main] h.j.p.m.Main [Main.java:46] Example log from Main
2021-12-10 18:05:53,572 INFO [main] h.j.p.m.Main [Main.java:46] Example log from Main
2021-12-10 18:07:14,348 INFO [main] h.j.p.m.Main [Main.java:46] Example log from Main
2021-12-10 18:07:53,280 INFO [main] h.j.p.m.Main [Main.java:46] Example log from Main
2021-12-10 18:08:23,352 INFO [main] h.j.p.m.Main [Main.java:46] Example log from Main
